<?xml version="1.0" encoding="UTF-8"?>
<!-- Generated by org.testng.reporters.JUnitReportReporter -->
<testsuite hostname="LAPTOP-KLNSKEJ5" failures="0" tests="1" name="apiTests.APITest" time="5.450" errors="0" timestamp="2020-06-25T13:46:48 SAST" skipped="0">
  <testcase classname="apiTests.APITest" name="getResponseBody" time="5.450"/>
</testsuite> <!-- apiTests.APITest -->
