<?xml version="1.0" encoding="UTF-8"?>
<!-- Generated by org.testng.reporters.JUnitReportReporter -->
<testsuite hostname="LAPTOP-KLNSKEJ5" failures="0" tests="3" name="apiTests.API_Test" time="5.965" errors="0" timestamp="2020-06-26T22:13:06 SAST" skipped="0">
  <testcase classname="apiTests.API_Test" name="listOfAllDogBreeds" time="4.843"/>
  <testcase classname="apiTests.API_Test" name="subBread" time="0.532"/>
  <testcase classname="apiTests.API_Test" name="randomImage" time="0.590"/>
</testsuite> <!-- apiTests.API_Test -->
