<?xml version="1.0" encoding="UTF-8"?>
<!-- Generated by org.testng.reporters.JUnitReportReporter -->
<testsuite hostname="LAPTOP-KLNSKEJ5" failures="0" tests="1" name="TestExe" time="3.723" errors="0" timestamp="2020-06-23T23:35:03 SAST" skipped="0">
  <testcase classname="TestExe" name="test" time="3.723"/>
</testsuite> <!-- TestExe -->
