<?xml version="1.0" encoding="UTF-8"?>
<!-- Generated by org.testng.reporters.JUnitReportReporter -->
<testsuite hostname="LAPTOP-KLNSKEJ5" failures="0" tests="1" name="uiTests.Way2Automation" time="26.789" errors="0" timestamp="2020-06-26T22:13:06 SAST" skipped="0">
  <testcase classname="uiTests.Way2Automation" name="way2AutomationTest" time="26.789"/>
</testsuite> <!-- uiTests.Way2Automation -->
