<?xml version="1.0" encoding="UTF-8"?>
<!-- Generated by org.testng.reporters.JUnitReportReporter -->
<testsuite hostname="LAPTOP-KLNSKEJ5" failures="0" tests="1" name="apiTests.APITest" time="0.007" errors="0" timestamp="24 Jun 2020 20:41:33 GMT">
  <testcase classname="apiTests.APITest" name="getResponseBody" time="0.007"/>
</testsuite> <!-- apiTests.APITest -->
